C51 COMPILER V9.60.0.0   7SEG                                                              07/06/2022 11:13:26 PAGE 1   


C51 COMPILER V9.60.0.0, COMPILATION OF MODULE 7SEG
OBJECT MODULE PLACED IN .\Objects\7seg.obj
COMPILER INVOKED BY: D:\keilc\C51\BIN\C51.EXE 7seg.c OPTIMIZE(8,SPEED) BROWSE DEBUG OBJECTEXTEND PRINT(.\Listings\7seg.l
                    -st) TABS(2) OBJECT(.\Objects\7seg.obj)

line level    source

   1            #include <REGX51.H>
   2            #define Bt2 P1_0
   3            #define Bt3 P1_1
   4            #define port P2
   5            void delay (int time)
   6            {
   7   1          int i, j;
   8   1          for(i = 0; i < time; i++)
   9   1          for(j = 0; j < 125; j++);
  10   1        }
  11            void main (void) 
  12            {
  13   1          signed char mang[10] = {0xC0, 0xF9, 0xA4, 0xB0, 0x99, 0x92, 0x82, 0xF8, 0x80, 0x90};
  14   1          int num = 0;
  15   1          while(1)
  16   1          {
  17   2            if(Bt2 == 0)
  18   2            {
  19   3              num++;
  20   3              if (num == 10) 
  21   3                num = 0;
  22   3            }
  23   2            if(Bt3 == 0)
  24   2            {
  25   3              num--;
  26   3              if (num == -1) 
  27   3                num = 9;
  28   3            }
  29   2              port = mang[num];
  30   2              delay(1000);
  31   2          }
  32   1        }


MODULE INFORMATION:   STATIC OVERLAYABLE
   CODE SIZE        =    118    ----
   CONSTANT SIZE    =     10    ----
   XDATA SIZE       =   ----    ----
   PDATA SIZE       =   ----    ----
   DATA SIZE        =   ----      10
   IDATA SIZE       =   ----    ----
   BIT SIZE         =   ----    ----
END OF MODULE INFORMATION.


C51 COMPILATION COMPLETE.  0 WARNING(S),  0 ERROR(S)
